
  .   ____          _            __ _ _
 /\\ / ___'_ __ _ _(_)_ __  __ _ \ \ \ \
( ( )\___ | '_ | '_| | '_ \/ _` | \ \ \ \
 \\/  ___)| |_)| | | | | || (_| |  ) ) ) )
  '  |____| .__|_| |_|_| |_\__, | / / / /
 =========|_|==============|___/=/_/_/_/
 :: Spring Boot ::                (v3.1.5)

2025-09-18T02:37:43.380+01:00  INFO 73048 --- [           main] c.g.GestorTarefasApplication             : Starting GestorTarefasApplication v1.0.0 using Java 21.0.8 with PID 73048 (/home/carloscorreia/Secretária/Projetos/UFCD10791/gestor-tarefas/target/gestor-tarefas-1.0.0.jar started by carloscorreia in /home/carloscorreia/Secretária/Projetos/UFCD10791/gestor-tarefas)
2025-09-18T02:37:43.386+01:00 DEBUG 73048 --- [           main] c.g.GestorTarefasApplication             : Running with Spring Boot v3.1.5, Spring v6.0.13
2025-09-18T02:37:43.389+01:00  INFO 73048 --- [           main] c.g.GestorTarefasApplication             : No active profile set, falling back to 1 default profile: "default"
2025-09-18T02:37:44.818+01:00  INFO 73048 --- [           main] .s.d.r.c.RepositoryConfigurationDelegate : Bootstrapping Spring Data JPA repositories in DEFAULT mode.
2025-09-18T02:37:44.981+01:00  INFO 73048 --- [           main] .s.d.r.c.RepositoryConfigurationDelegate : Finished Spring Data repository scanning in 149 ms. Found 2 JPA repository interfaces.
2025-09-18T02:37:46.179+01:00  INFO 73048 --- [           main] o.s.b.w.embedded.tomcat.TomcatWebServer  : Tomcat initialized with port(s): 8080 (http)
2025-09-18T02:37:46.203+01:00  INFO 73048 --- [           main] o.apache.catalina.core.StandardService   : Starting service [Tomcat]
2025-09-18T02:37:46.203+01:00  INFO 73048 --- [           main] o.apache.catalina.core.StandardEngine    : Starting Servlet engine: [Apache Tomcat/10.1.15]
2025-09-18T02:37:46.336+01:00  INFO 73048 --- [           main] o.a.c.c.C.[Tomcat].[localhost].[/]       : Initializing Spring embedded WebApplicationContext
2025-09-18T02:37:46.338+01:00  INFO 73048 --- [           main] w.s.c.ServletWebServerApplicationContext : Root WebApplicationContext: initialization completed in 2834 ms
2025-09-18T02:37:46.400+01:00  INFO 73048 --- [           main] com.zaxxer.hikari.HikariDataSource       : HikariPool-1 - Starting...
2025-09-18T02:37:46.688+01:00  INFO 73048 --- [           main] com.zaxxer.hikari.pool.HikariPool        : HikariPool-1 - Added connection conn0: url=jdbc:h2:mem:gestortarefas user=SA
2025-09-18T02:37:46.691+01:00  INFO 73048 --- [           main] com.zaxxer.hikari.HikariDataSource       : HikariPool-1 - Start completed.
2025-09-18T02:37:46.710+01:00  INFO 73048 --- [           main] o.s.b.a.h2.H2ConsoleAutoConfiguration    : H2 console available at '/h2-console'. Database available at 'jdbc:h2:mem:gestortarefas'
2025-09-18T02:37:47.064+01:00  INFO 73048 --- [           main] o.hibernate.jpa.internal.util.LogHelper  : HHH000204: Processing PersistenceUnitInfo [name: default]
2025-09-18T02:37:47.151+01:00  INFO 73048 --- [           main] org.hibernate.Version                    : HHH000412: Hibernate ORM core version 6.2.13.Final
2025-09-18T02:37:47.155+01:00  INFO 73048 --- [           main] org.hibernate.cfg.Environment            : HHH000406: Using bytecode reflection optimizer
2025-09-18T02:37:47.569+01:00  INFO 73048 --- [           main] o.s.o.j.p.SpringPersistenceUnitInfo      : No LoadTimeWeaver setup: ignoring JPA class transformer
2025-09-18T02:37:47.637+01:00  WARN 73048 --- [           main] org.hibernate.orm.deprecation            : HHH90000025: H2Dialect does not need to be specified explicitly using 'hibernate.dialect' (remove the property setting and it will be selected by default)
2025-09-18T02:37:49.231+01:00  INFO 73048 --- [           main] o.h.e.t.j.p.i.JtaPlatformInitiator       : HHH000489: No JTA platform available (set 'hibernate.transaction.jta.platform' to enable JTA platform integration)
Hibernate: 
    drop table if exists tasks cascade 
Hibernate: 
    drop table if exists users cascade 
Hibernate: 
    create table tasks (
        completed_at timestamp(6),
        created_at timestamp(6),
        due_date timestamp(6),
        id bigint generated by default as identity,
        updated_at timestamp(6),
        user_id bigint not null,
        title varchar(100) not null,
        description TEXT,
        priority varchar(255) not null check (priority in ('BAIXA','NORMAL','ALTA','URGENTE')),
        status varchar(255) not null check (status in ('PENDENTE','EM_ANDAMENTO','CONCLUIDA','CANCELADA')),
        primary key (id)
    )
Hibernate: 
    create table users (
        active boolean,
        created_at timestamp(6),
        id bigint generated by default as identity,
        username varchar(50) not null unique,
        full_name varchar(100),
        email varchar(255) not null unique,
        password varchar(255) not null,
        primary key (id)
    )
Hibernate: 
    alter table if exists tasks 
       add constraint FK6s1ob9k4ihi75xbxe2w0ylsdh 
       foreign key (user_id) 
       references users
2025-09-18T02:37:49.330+01:00  INFO 73048 --- [           main] j.LocalContainerEntityManagerFactoryBean : Initialized JPA EntityManagerFactory for persistence unit 'default'
2025-09-18T02:37:50.087+01:00  INFO 73048 --- [           main] o.s.d.j.r.query.QueryEnhancerFactory     : Hibernate is in classpath; If applicable, HQL parser will be used.
2025-09-18T02:37:51.312+01:00  WARN 73048 --- [           main] JpaBaseConfiguration$JpaWebConfiguration : spring.jpa.open-in-view is enabled by default. Therefore, database queries may be performed during view rendering. Explicitly configure spring.jpa.open-in-view to disable this warning
2025-09-18T02:37:51.562+01:00  INFO 73048 --- [           main] o.s.s.web.DefaultSecurityFilterChain     : Will secure any request with [org.springframework.security.web.session.DisableEncodeUrlFilter@37e64e37, org.springframework.security.web.context.request.async.WebAsyncManagerIntegrationFilter@31204303, org.springframework.security.web.context.SecurityContextHolderFilter@33399052, org.springframework.security.web.header.HeaderWriterFilter@20155dae, org.springframework.web.filter.CorsFilter@369fb99a, org.springframework.security.web.authentication.logout.LogoutFilter@7f894a6f, org.springframework.security.web.savedrequest.RequestCacheAwareFilter@460b77d6, org.springframework.security.web.servletapi.SecurityContextHolderAwareRequestFilter@13f2d42c, org.springframework.security.web.authentication.AnonymousAuthenticationFilter@81a8898, org.springframework.security.web.session.SessionManagementFilter@17e6b7e4, org.springframework.security.web.access.ExceptionTranslationFilter@7e2a76be, org.springframework.security.web.access.intercept.AuthorizationFilter@44d84313]
2025-09-18T02:37:52.310+01:00  INFO 73048 --- [           main] o.s.b.w.embedded.tomcat.TomcatWebServer  : Tomcat started on port(s): 8080 (http) with context path ''
2025-09-18T02:37:52.341+01:00  INFO 73048 --- [           main] c.g.GestorTarefasApplication             : Started GestorTarefasApplication in 9.876 seconds (process running for 11.215)
Hibernate: 
    select
        count(u1_0.id) 
    from
        users u1_0 
    where
        u1_0.active
Criando dados iniciais...
Hibernate: 
    select
        u1_0.id 
    from
        users u1_0 
    where
        u1_0.username=? 
    fetch
        first ? rows only
Hibernate: 
    select
        u1_0.id 
    from
        users u1_0 
    where
        u1_0.email=? 
    fetch
        first ? rows only
Hibernate: 
    insert 
    into
        users
        (active,created_at,email,full_name,password,username,id) 
    values
        (?,?,?,?,?,?,default)
Hibernate: 
    select
        u1_0.id 
    from
        users u1_0 
    where
        u1_0.username=? 
    fetch
        first ? rows only
Hibernate: 
    select
        u1_0.id 
    from
        users u1_0 
    where
        u1_0.email=? 
    fetch
        first ? rows only
Hibernate: 
    insert 
    into
        users
        (active,created_at,email,full_name,password,username,id) 
    values
        (?,?,?,?,?,?,default)
Hibernate: 
    insert 
    into
        tasks
        (completed_at,created_at,description,due_date,priority,status,title,updated_at,user_id,id) 
    values
        (?,?,?,?,?,?,?,?,?,default)
Hibernate: 
    update
        tasks 
    set
        completed_at=?,
        created_at=?,
        description=?,
        due_date=?,
        priority=?,
        status=?,
        title=?,
        updated_at=?,
        user_id=? 
    where
        id=?
Hibernate: 
    insert 
    into
        tasks
        (completed_at,created_at,description,due_date,priority,status,title,updated_at,user_id,id) 
    values
        (?,?,?,?,?,?,?,?,?,default)
Hibernate: 
    update
        tasks 
    set
        completed_at=?,
        created_at=?,
        description=?,
        due_date=?,
        priority=?,
        status=?,
        title=?,
        updated_at=?,
        user_id=? 
    where
        id=?
Hibernate: 
    select
        t1_0.id,
        t1_0.completed_at,
        t1_0.created_at,
        t1_0.description,
        t1_0.due_date,
        t1_0.priority,
        t1_0.status,
        t1_0.title,
        t1_0.updated_at,
        t1_0.user_id 
    from
        tasks t1_0 
    where
        t1_0.id=?
Hibernate: 
    update
        tasks 
    set
        completed_at=?,
        created_at=?,
        description=?,
        due_date=?,
        priority=?,
        status=?,
        title=?,
        updated_at=?,
        user_id=? 
    where
        id=?
Hibernate: 
    insert 
    into
        tasks
        (completed_at,created_at,description,due_date,priority,status,title,updated_at,user_id,id) 
    values
        (?,?,?,?,?,?,?,?,?,default)
Hibernate: 
    select
        t1_0.id,
        t1_0.completed_at,
        t1_0.created_at,
        t1_0.description,
        t1_0.due_date,
        t1_0.priority,
        t1_0.status,
        t1_0.title,
        t1_0.updated_at,
        t1_0.user_id 
    from
        tasks t1_0 
    where
        t1_0.id=?
Hibernate: 
    update
        tasks 
    set
        completed_at=?,
        created_at=?,
        description=?,
        due_date=?,
        priority=?,
        status=?,
        title=?,
        updated_at=?,
        user_id=? 
    where
        id=?
Hibernate: 
    insert 
    into
        tasks
        (completed_at,created_at,description,due_date,priority,status,title,updated_at,user_id,id) 
    values
        (?,?,?,?,?,?,?,?,?,default)
Hibernate: 
    update
        tasks 
    set
        completed_at=?,
        created_at=?,
        description=?,
        due_date=?,
        priority=?,
        status=?,
        title=?,
        updated_at=?,
        user_id=? 
    where
        id=?
Hibernate: 
    insert 
    into
        tasks
        (completed_at,created_at,description,due_date,priority,status,title,updated_at,user_id,id) 
    values
        (?,?,?,?,?,?,?,?,?,default)
Hibernate: 
    insert 
    into
        tasks
        (completed_at,created_at,description,due_date,priority,status,title,updated_at,user_id,id) 
    values
        (?,?,?,?,?,?,?,?,?,default)
Hibernate: 
    insert 
    into
        tasks
        (completed_at,created_at,description,due_date,priority,status,title,updated_at,user_id,id) 
    values
        (?,?,?,?,?,?,?,?,?,default)
Hibernate: 
    update
        tasks 
    set
        completed_at=?,
        created_at=?,
        description=?,
        due_date=?,
        priority=?,
        status=?,
        title=?,
        updated_at=?,
        user_id=? 
    where
        id=?
Hibernate: 
    insert 
    into
        tasks
        (completed_at,created_at,description,due_date,priority,status,title,updated_at,user_id,id) 
    values
        (?,?,?,?,?,?,?,?,?,default)
Hibernate: 
    update
        tasks 
    set
        completed_at=?,
        created_at=?,
        description=?,
        due_date=?,
        priority=?,
        status=?,
        title=?,
        updated_at=?,
        user_id=? 
    where
        id=?
Hibernate: 
    select
        t1_0.id,
        t1_0.completed_at,
        t1_0.created_at,
        t1_0.description,
        t1_0.due_date,
        t1_0.priority,
        t1_0.status,
        t1_0.title,
        t1_0.updated_at,
        t1_0.user_id 
    from
        tasks t1_0 
    where
        t1_0.id=?
Hibernate: 
    update
        tasks 
    set
        completed_at=?,
        created_at=?,
        description=?,
        due_date=?,
        priority=?,
        status=?,
        title=?,
        updated_at=?,
        user_id=? 
    where
        id=?
Hibernate: 
    insert 
    into
        tasks
        (completed_at,created_at,description,due_date,priority,status,title,updated_at,user_id,id) 
    values
        (?,?,?,?,?,?,?,?,?,default)
Hibernate: 
    select
        t1_0.id,
        t1_0.completed_at,
        t1_0.created_at,
        t1_0.description,
        t1_0.due_date,
        t1_0.priority,
        t1_0.status,
        t1_0.title,
        t1_0.updated_at,
        t1_0.user_id 
    from
        tasks t1_0 
    where
        t1_0.id=?
Hibernate: 
    update
        tasks 
    set
        completed_at=?,
        created_at=?,
        description=?,
        due_date=?,
        priority=?,
        status=?,
        title=?,
        updated_at=?,
        user_id=? 
    where
        id=?
Hibernate: 
    insert 
    into
        tasks
        (completed_at,created_at,description,due_date,priority,status,title,updated_at,user_id,id) 
    values
        (?,?,?,?,?,?,?,?,?,default)
Hibernate: 
    update
        tasks 
    set
        completed_at=?,
        created_at=?,
        description=?,
        due_date=?,
        priority=?,
        status=?,
        title=?,
        updated_at=?,
        user_id=? 
    where
        id=?
Hibernate: 
    insert 
    into
        tasks
        (completed_at,created_at,description,due_date,priority,status,title,updated_at,user_id,id) 
    values
        (?,?,?,?,?,?,?,?,?,default)
Hibernate: 
    insert 
    into
        tasks
        (completed_at,created_at,description,due_date,priority,status,title,updated_at,user_id,id) 
    values
        (?,?,?,?,?,?,?,?,?,default)
Dados iniciais criados com sucesso!
===========================================
UTILIZADORES DE DEMONSTRAÇÃO:
Username: demo | Senha: demo123
Username: admin | Senha: admin123
===========================================
Interface gráfica iniciada com sucesso!
Servidor Spring Boot rodando em: http://localhost:8080
Console H2 disponível em: http://localhost:8080/h2-console
2025-09-18T02:37:59.040+01:00  INFO 73048 --- [nio-8080-exec-1] o.a.c.c.C.[Tomcat].[localhost].[/]       : Initializing Spring DispatcherServlet 'dispatcherServlet'
2025-09-18T02:37:59.042+01:00  INFO 73048 --- [nio-8080-exec-1] o.s.web.servlet.DispatcherServlet        : Initializing Servlet 'dispatcherServlet'
2025-09-18T02:37:59.047+01:00  INFO 73048 --- [nio-8080-exec-1] o.s.web.servlet.DispatcherServlet        : Completed initialization in 2 ms
2025-09-18T02:37:59.059+01:00 DEBUG 73048 --- [nio-8080-exec-1] o.s.security.web.FilterChainProxy        : Securing GET /api/users/stats
2025-09-18T02:37:59.078+01:00 DEBUG 73048 --- [nio-8080-exec-1] o.s.s.w.a.AnonymousAuthenticationFilter  : Set SecurityContextHolder to anonymous SecurityContext
2025-09-18T02:37:59.080+01:00 DEBUG 73048 --- [nio-8080-exec-1] o.s.security.web.FilterChainProxy        : Secured GET /api/users/stats
Hibernate: 
    select
        count(u1_0.id) 
    from
        users u1_0 
    where
        u1_0.active
Hibernate: 
    select
        distinct u1_0.id,
        u1_0.active,
        u1_0.created_at,
        u1_0.email,
        u1_0.full_name,
        u1_0.password,
        u1_0.username 
    from
        users u1_0 
    join
        tasks t1_0 
            on u1_0.id=t1_0.user_id 
    where
        u1_0.active=true
2025-09-18T02:37:59.259+01:00 DEBUG 73048 --- [nio-8080-exec-2] o.s.security.web.FilterChainProxy        : Securing GET /api/users/stats
2025-09-18T02:37:59.260+01:00 DEBUG 73048 --- [nio-8080-exec-2] o.s.s.w.a.AnonymousAuthenticationFilter  : Set SecurityContextHolder to anonymous SecurityContext
2025-09-18T02:37:59.262+01:00 DEBUG 73048 --- [nio-8080-exec-2] o.s.security.web.FilterChainProxy        : Secured GET /api/users/stats
Hibernate: 
    select
        count(u1_0.id) 
    from
        users u1_0 
    where
        u1_0.active
Hibernate: 
    select
        distinct u1_0.id,
        u1_0.active,
        u1_0.created_at,
        u1_0.email,
        u1_0.full_name,
        u1_0.password,
        u1_0.username 
    from
        users u1_0 
    join
        tasks t1_0 
            on u1_0.id=t1_0.user_id 
    where
        u1_0.active=true
2025-09-18T02:38:08.263+01:00 DEBUG 73048 --- [nio-8080-exec-3] o.s.security.web.FilterChainProxy        : Securing POST /api/users/login
2025-09-18T02:38:08.263+01:00 DEBUG 73048 --- [nio-8080-exec-3] o.s.s.w.a.AnonymousAuthenticationFilter  : Set SecurityContextHolder to anonymous SecurityContext
2025-09-18T02:38:08.264+01:00 DEBUG 73048 --- [nio-8080-exec-3] o.s.security.web.FilterChainProxy        : Secured POST /api/users/login
Hibernate: 
    select
        u1_0.id,
        u1_0.active,
        u1_0.created_at,
        u1_0.email,
        u1_0.full_name,
        u1_0.password,
        u1_0.username 
    from
        users u1_0 
    where
        u1_0.username=? 
        or u1_0.email=?
2025-09-18T02:38:08.571+01:00 DEBUG 73048 --- [nio-8080-exec-5] o.s.security.web.FilterChainProxy        : Securing GET /api/tasks/user/1
2025-09-18T02:38:08.572+01:00 DEBUG 73048 --- [nio-8080-exec-5] o.s.s.w.a.AnonymousAuthenticationFilter  : Set SecurityContextHolder to anonymous SecurityContext
2025-09-18T02:38:08.571+01:00 DEBUG 73048 --- [nio-8080-exec-4] o.s.security.web.FilterChainProxy        : Securing GET /api/tasks/user/1/stats
2025-09-18T02:38:08.578+01:00 DEBUG 73048 --- [nio-8080-exec-5] o.s.s.w.a.Http403ForbiddenEntryPoint     : Pre-authenticated entry point called. Rejecting access
2025-09-18T02:38:08.581+01:00 DEBUG 73048 --- [nio-8080-exec-4] o.s.s.w.a.AnonymousAuthenticationFilter  : Set SecurityContextHolder to anonymous SecurityContext
2025-09-18T02:38:08.583+01:00 DEBUG 73048 --- [nio-8080-exec-4] o.s.s.w.a.Http403ForbiddenEntryPoint     : Pre-authenticated entry point called. Rejecting access
2025-09-18T02:38:08.587+01:00 DEBUG 73048 --- [nio-8080-exec-5] o.s.security.web.FilterChainProxy        : Securing GET /error
2025-09-18T02:38:08.587+01:00 DEBUG 73048 --- [nio-8080-exec-4] o.s.security.web.FilterChainProxy        : Securing GET /error
2025-09-18T02:38:08.588+01:00 DEBUG 73048 --- [nio-8080-exec-5] o.s.s.w.a.AnonymousAuthenticationFilter  : Set SecurityContextHolder to anonymous SecurityContext
2025-09-18T02:38:08.588+01:00 DEBUG 73048 --- [nio-8080-exec-5] o.s.s.w.a.Http403ForbiddenEntryPoint     : Pre-authenticated entry point called. Rejecting access
2025-09-18T02:38:08.588+01:00 DEBUG 73048 --- [nio-8080-exec-4] o.s.s.w.a.AnonymousAuthenticationFilter  : Set SecurityContextHolder to anonymous SecurityContext
2025-09-18T02:38:08.590+01:00 DEBUG 73048 --- [nio-8080-exec-4] o.s.s.w.a.Http403ForbiddenEntryPoint     : Pre-authenticated entry point called. Rejecting access
2025-09-18T02:38:26.192+01:00  INFO 73048 --- [ionShutdownHook] j.LocalContainerEntityManagerFactoryBean : Closing JPA EntityManagerFactory for persistence unit 'default'
Hibernate: 
    drop table if exists tasks cascade 
Hibernate: 
    drop table if exists users cascade 
2025-09-18T02:38:26.377+01:00  INFO 73048 --- [ionShutdownHook] com.zaxxer.hikari.HikariDataSource       : HikariPool-1 - Shutdown initiated...
2025-09-18T02:38:26.392+01:00  INFO 73048 --- [ionShutdownHook] com.zaxxer.hikari.HikariDataSource       : HikariPool-1 - Shutdown completed.
